<?xml version="1.0" encoding="UTF-8"?>
<!-- Generated by org.testng.reporters.JUnitXMLReporter -->
<testsuite hostname="Pushkar-PC" ignored="0" name="Test" tests="3" failures="0" timestamp="20 Jan 2019 06:47:09 GMT" time="146.367" errors="0">
  <testcase name="register" time="15.827" classname="firsttestngpackage.TestNGAnnotations"/>
  <testcase name="verifyHomepageTitle" time="29.734" classname="firsttestngpackage.FirstTestNGfile"/>
  <testcase name="support" time="3.715" classname="firsttestngpackage.TestNGAnnotations"/>
</testsuite> <!-- Test -->
