<?xml version="1.0" encoding="UTF-8"?>
<testng-results skipped="0" failed="0" ignored="0" total="1" passed="1">
  <reporter-output>
  </reporter-output>
  <suite name="Default suite" duration-ms="29346" started-at="2019-01-20T05:27:18Z" finished-at="2019-01-20T05:27:47Z">
    <groups>
    </groups>
    <test name="Default test" duration-ms="29346" started-at="2019-01-20T05:27:18Z" finished-at="2019-01-20T05:27:47Z">
      <class name="firsttestngpackage.FirstTestNGfile">
        <test-method status="PASS" signature="verifyHomepageTitle()[pri:0, instance:firsttestngpackage.FirstTestNGfile@37d31475]" name="verifyHomepageTitle" duration-ms="29294" started-at="2019-01-20T05:27:18Z" finished-at="2019-01-20T05:27:47Z">
          <reporter-output>
          </reporter-output>
        </test-method> <!-- verifyHomepageTitle -->
      </class> <!-- firsttestngpackage.FirstTestNGfile -->
    </test> <!-- Default test -->
  </suite> <!-- Default suite -->
</testng-results>
